<?xml version="1.0" encoding="UTF-8"?>
<!-- Generated by org.testng.reporters.JUnitReportReporter -->
<testsuite skipped="0" hostname="LAPTOP-853T4BBS" name="Test.TC002_Validation_PresenceOfBreedReteriver" tests="1" failures="0" timestamp="10 Jul 2019 10:59:36 GMT" time="0.018" errors="0">
  <testcase name="CheckResposeBodyVal" time="0.018" classname="Test.TC002_Validation_PresenceOfBreedReteriver"/>
</testsuite> <!-- Test.TC002_Validation_PresenceOfBreedReteriver -->
