<?xml version="1.0" encoding="UTF-8"?>
<!-- Generated by org.testng.reporters.JUnitReportReporter -->
<testsuite hostname="LAPTOP-853T4BBS" name="Test.DogAPI" tests="1" failures="0" timestamp="9 Jul 2019 16:38:05 GMT" time="5.789" errors="0">
  <testcase name="GoldenRetriever" time="5.789" classname="Test.DogAPI"/>
</testsuite> <!-- Test.DogAPI -->
