<?xml version="1.0" encoding="UTF-8"?>
<!-- Generated by org.testng.reporters.JUnitReportReporter -->
<testsuite skipped="0" hostname="LAPTOP-853T4BBS" name="Test.TC001_Get_ListOfAllBreeds" tests="1" failures="0" timestamp="10 Jul 2019 10:59:36 GMT" time="8.920" errors="0">
  <testcase name="CheckResposeBody" time="8.920" classname="Test.TC001_Get_ListOfAllBreeds"/>
</testsuite> <!-- Test.TC001_Get_ListOfAllBreeds -->
